{"/Users/monucarpenter/C++/codeforces/lib/cfapi.js":{"path":"/Users/monucarpenter/C++/codeforces/lib/cfapi.js","s":{"1":1,"2":1,"3":4,"4":4,"5":10,"6":2,"7":2,"8":2,"9":3,"10":3,"11":3,"12":1,"13":2,"14":3,"15":1,"16":2,"17":1,"18":1},"b":{"1":[10,6],"2":[1,2],"3":[1,2],"4":[1,1],"5":[2,2,1]},"f":{"1":4,"2":4,"3":10,"4":2,"5":3,"6":3,"7":3},"fnMap":{"1":{"name":"(anonymous_1)","line":17,"loc":{"start":{"line":17,"column":21},"end":{"line":17,"column":39}}},"2":{"name":"(anonymous_2)","line":18,"loc":{"start":{"line":18,"column":30},"end":{"line":18,"column":46}}},"3":{"name":"(anonymous_3)","line":19,"loc":{"start":{"line":19,"column":54},"end":{"line":19,"column":78}}},"4":{"name":"(anonymous_4)","line":33,"loc":{"start":{"line":33,"column":19},"end":{"line":33,"column":38}}},"5":{"name":"(anonymous_5)","line":52,"loc":{"start":{"line":52,"column":16},"end":{"line":52,"column":38}}},"6":{"name":"(anonymous_6)","line":60,"loc":{"start":{"line":60,"column":12},"end":{"line":60,"column":36}}},"7":{"name":"(anonymous_7)","line":66,"loc":{"start":{"line":66,"column":11},"end":{"line":66,"column":36}}}},"statementMap":{"1":{"start":{"line":4,"column":0},"end":{"line":7,"column":33}},"2":{"start":{"line":9,"column":0},"end":{"line":77,"column":2}},"3":{"start":{"line":18,"column":8},"end":{"line":22,"column":11}},"4":{"start":{"line":19,"column":12},"end":{"line":21,"column":39}},"5":{"start":{"line":20,"column":16},"end":{"line":20,"column":68}},"6":{"start":{"line":34,"column":8},"end":{"line":35,"column":27}},"7":{"start":{"line":37,"column":8},"end":{"line":40,"column":11}},"8":{"start":{"line":42,"column":8},"end":{"line":42,"column":35}},"9":{"start":{"line":53,"column":8},"end":{"line":53,"column":24}},"10":{"start":{"line":55,"column":8},"end":{"line":75,"column":11}},"11":{"start":{"line":61,"column":16},"end":{"line":63,"column":17}},"12":{"start":{"line":62,"column":20},"end":{"line":62,"column":116}},"13":{"start":{"line":64,"column":16},"end":{"line":64,"column":52}},"14":{"start":{"line":67,"column":12},"end":{"line":67,"column":40}},"15":{"start":{"line":67,"column":23},"end":{"line":67,"column":38}},"16":{"start":{"line":69,"column":12},"end":{"line":72,"column":13}},"17":{"start":{"line":70,"column":16},"end":{"line":71,"column":39}},"18":{"start":{"line":74,"column":12},"end":{"line":74,"column":39}}},"branchMap":{"1":{"line":20,"type":"binary-expr","locations":[{"start":{"line":20,"column":16},"end":{"line":20,"column":38}},{"start":{"line":20,"column":43},"end":{"line":20,"column":66}}]},"2":{"line":61,"type":"if","locations":[{"start":{"line":61,"column":16},"end":{"line":61,"column":16}},{"start":{"line":61,"column":16},"end":{"line":61,"column":16}}]},"3":{"line":67,"type":"if","locations":[{"start":{"line":67,"column":12},"end":{"line":67,"column":12}},{"start":{"line":67,"column":12},"end":{"line":67,"column":12}}]},"4":{"line":69,"type":"if","locations":[{"start":{"line":69,"column":12},"end":{"line":69,"column":12}},{"start":{"line":69,"column":12},"end":{"line":69,"column":12}}]},"5":{"line":69,"type":"binary-expr","locations":[{"start":{"line":69,"column":16},"end":{"line":69,"column":36}},{"start":{"line":69,"column":40},"end":{"line":69,"column":67}},{"start":{"line":69,"column":71},"end":{"line":69,"column":99}}]}}},"/Users/monucarpenter/C++/codeforces/lib/compiler.js":{"path":"/Users/monucarpenter/C++/codeforces/lib/compiler.js","s":{"1":1,"2":1,"3":5,"4":5,"5":2,"6":2,"7":5,"8":5,"9":5,"10":5,"11":5,"12":5,"13":9,"14":9,"15":9,"16":0,"17":0,"18":9,"19":9,"20":9,"21":9,"22":9,"23":9,"24":5,"25":1,"26":1,"27":1,"28":1,"29":6},"b":{"1":[2,3],"2":[4,1],"3":[7,2],"4":[0,7],"5":[9,2],"6":[9,9],"7":[9,0],"8":[8,1],"9":[1,0],"10":[4,1]},"f":{"1":5,"2":5,"3":5,"4":9,"5":0,"6":9,"7":9,"8":5,"9":1,"10":1,"11":1,"12":6},"fnMap":{"1":{"name":"(anonymous_1)","line":13,"loc":{"start":{"line":13,"column":14},"end":{"line":13,"column":47}}},"2":{"name":"(anonymous_2)","line":28,"loc":{"start":{"line":28,"column":35},"end":{"line":28,"column":50}}},"3":{"name":"(anonymous_3)","line":32,"loc":{"start":{"line":32,"column":29},"end":{"line":32,"column":44}}},"4":{"name":"(anonymous_4)","line":37,"loc":{"start":{"line":37,"column":10},"end":{"line":37,"column":37}}},"5":{"name":"(anonymous_5)","line":62,"loc":{"start":{"line":62,"column":29},"end":{"line":62,"column":40}}},"6":{"name":"(anonymous_6)","line":67,"loc":{"start":{"line":67,"column":33},"end":{"line":67,"column":48}}},"7":{"name":"(anonymous_7)","line":71,"loc":{"start":{"line":71,"column":27},"end":{"line":71,"column":42}}},"8":{"name":"(anonymous_8)","line":79,"loc":{"start":{"line":79,"column":22},"end":{"line":79,"column":40}}},"9":{"name":"(anonymous_9)","line":83,"loc":{"start":{"line":83,"column":10},"end":{"line":83,"column":37}}},"10":{"name":"(anonymous_10)","line":88,"loc":{"start":{"line":88,"column":12},"end":{"line":88,"column":25}}},"11":{"name":"(anonymous_11)","line":93,"loc":{"start":{"line":93,"column":12},"end":{"line":93,"column":25}}},"12":{"name":"(anonymous_12)","line":94,"loc":{"start":{"line":94,"column":41},"end":{"line":94,"column":61}}}},"statementMap":{"1":{"start":{"line":5,"column":0},"end":{"line":10,"column":45}},"2":{"start":{"line":12,"column":0},"end":{"line":100,"column":2}},"3":{"start":{"line":14,"column":8},"end":{"line":15,"column":21}},"4":{"start":{"line":17,"column":8},"end":{"line":20,"column":9}},"5":{"start":{"line":18,"column":12},"end":{"line":18,"column":25}},"6":{"start":{"line":19,"column":12},"end":{"line":19,"column":25}},"7":{"start":{"line":22,"column":8},"end":{"line":22,"column":27}},"8":{"start":{"line":24,"column":8},"end":{"line":26,"column":11}},"9":{"start":{"line":28,"column":8},"end":{"line":30,"column":11}},"10":{"start":{"line":29,"column":12},"end":{"line":29,"column":37}},"11":{"start":{"line":32,"column":8},"end":{"line":34,"column":11}},"12":{"start":{"line":33,"column":12},"end":{"line":33,"column":75}},"13":{"start":{"line":38,"column":8},"end":{"line":46,"column":20}},"14":{"start":{"line":48,"column":8},"end":{"line":60,"column":15}},"15":{"start":{"line":62,"column":8},"end":{"line":65,"column":33}},"16":{"start":{"line":63,"column":12},"end":{"line":63,"column":30}},"17":{"start":{"line":64,"column":12},"end":{"line":64,"column":26}},"18":{"start":{"line":67,"column":8},"end":{"line":69,"column":11}},"19":{"start":{"line":68,"column":12},"end":{"line":68,"column":37}},"20":{"start":{"line":71,"column":8},"end":{"line":76,"column":11}},"21":{"start":{"line":72,"column":12},"end":{"line":74,"column":13}},"22":{"start":{"line":73,"column":16},"end":{"line":73,"column":38}},"23":{"start":{"line":75,"column":12},"end":{"line":75,"column":91}},"24":{"start":{"line":80,"column":8},"end":{"line":80,"column":68}},"25":{"start":{"line":84,"column":8},"end":{"line":84,"column":24}},"26":{"start":{"line":86,"column":8},"end":{"line":98,"column":15}},"27":{"start":{"line":89,"column":16},"end":{"line":89,"column":80}},"28":{"start":{"line":94,"column":16},"end":{"line":96,"column":23}},"29":{"start":{"line":95,"column":20},"end":{"line":95,"column":54}}},"branchMap":{"1":{"line":17,"type":"if","locations":[{"start":{"line":17,"column":8},"end":{"line":17,"column":8}},{"start":{"line":17,"column":8},"end":{"line":17,"column":8}}]},"2":{"line":33,"type":"cond-expr","locations":[{"start":{"line":33,"column":35},"end":{"line":33,"column":39}},{"start":{"line":33,"column":42},"end":{"line":33,"column":73}}]},"3":{"line":43,"type":"cond-expr","locations":[{"start":{"line":43,"column":31},"end":{"line":43,"column":58}},{"start":{"line":43,"column":62},"end":{"line":43,"column":68}}]},"4":{"line":43,"type":"cond-expr","locations":[{"start":{"line":43,"column":39},"end":{"line":43,"column":46}},{"start":{"line":43,"column":49},"end":{"line":43,"column":58}}]},"5":{"line":48,"type":"binary-expr","locations":[{"start":{"line":48,"column":47},"end":{"line":48,"column":53}},{"start":{"line":48,"column":58},"end":{"line":48,"column":64}}]},"6":{"line":65,"type":"binary-expr","locations":[{"start":{"line":65,"column":11},"end":{"line":65,"column":23}},{"start":{"line":65,"column":27},"end":{"line":65,"column":31}}]},"7":{"line":72,"type":"if","locations":[{"start":{"line":72,"column":12},"end":{"line":72,"column":12}},{"start":{"line":72,"column":12},"end":{"line":72,"column":12}}]},"8":{"line":75,"type":"cond-expr","locations":[{"start":{"line":75,"column":35},"end":{"line":75,"column":39}},{"start":{"line":75,"column":42},"end":{"line":75,"column":89}}]},"9":{"line":75,"type":"binary-expr","locations":[{"start":{"line":75,"column":77},"end":{"line":75,"column":81}},{"start":{"line":75,"column":85},"end":{"line":75,"column":86}}]},"10":{"line":80,"type":"cond-expr","locations":[{"start":{"line":80,"column":52},"end":{"line":80,"column":57}},{"start":{"line":80,"column":60},"end":{"line":80,"column":67}}]}}},"/Users/monucarpenter/C++/codeforces/lib/fsapi.js":{"path":"/Users/monucarpenter/C++/codeforces/lib/fsapi.js","s":{"1":1,"2":1,"3":3,"4":3,"5":1,"6":2,"7":2,"8":2,"9":0,"10":2,"11":0,"12":0,"13":0,"14":0,"15":0,"16":0,"17":0,"18":0,"19":0,"20":0,"21":0,"22":0,"23":0,"24":0,"25":0,"26":0,"27":0,"28":0,"29":0,"30":0,"31":0,"32":0,"33":0,"34":0,"35":0,"36":0,"37":0,"38":0,"39":0,"40":0,"41":0,"42":0,"43":0,"44":0,"45":0,"46":0,"47":0,"48":0,"49":0,"50":0},"b":{"1":[1,2],"2":[0,0],"3":[0,0],"4":[0,0],"5":[0,0],"6":[0,0],"7":[0,0,0],"8":[0,0],"9":[0,0]},"f":{"1":3,"2":3,"3":0,"4":0,"5":0,"6":0,"7":0,"8":0,"9":0,"10":0,"11":0,"12":0,"13":0,"14":0,"15":0,"16":0,"17":0,"18":0,"19":0,"20":0,"21":0,"22":0},"fnMap":{"1":{"name":"(anonymous_1)","line":12,"loc":{"start":{"line":12,"column":18},"end":{"line":12,"column":41}}},"2":{"name":"(anonymous_2)","line":13,"loc":{"start":{"line":13,"column":38},"end":{"line":13,"column":58}}},"3":{"name":"(anonymous_3)","line":29,"loc":{"start":{"line":29,"column":26},"end":{"line":29,"column":65}}},"4":{"name":"(anonymous_4)","line":32,"loc":{"start":{"line":32,"column":12},"end":{"line":32,"column":25}}},"5":{"name":"(anonymous_5)","line":33,"loc":{"start":{"line":33,"column":52},"end":{"line":33,"column":72}}},"6":{"name":"(anonymous_6)","line":41,"loc":{"start":{"line":41,"column":12},"end":{"line":41,"column":31}}},"7":{"name":"(anonymous_7)","line":44,"loc":{"start":{"line":44,"column":11},"end":{"line":44,"column":25}}},"8":{"name":"(anonymous_8)","line":51,"loc":{"start":{"line":51,"column":19},"end":{"line":51,"column":41}}},"9":{"name":"(anonymous_9)","line":55,"loc":{"start":{"line":55,"column":25},"end":{"line":55,"column":44}}},"10":{"name":"(anonymous_10)","line":57,"loc":{"start":{"line":57,"column":11},"end":{"line":57,"column":25}}},"11":{"name":"(anonymous_11)","line":64,"loc":{"start":{"line":64,"column":19},"end":{"line":64,"column":32}}},"12":{"name":"(anonymous_12)","line":65,"loc":{"start":{"line":65,"column":31},"end":{"line":65,"column":60}}},"13":{"name":"(anonymous_13)","line":72,"loc":{"start":{"line":72,"column":22},"end":{"line":72,"column":45}}},"14":{"name":"(anonymous_14)","line":73,"loc":{"start":{"line":73,"column":38},"end":{"line":73,"column":58}}},"15":{"name":"(anonymous_15)","line":88,"loc":{"start":{"line":88,"column":21},"end":{"line":88,"column":46}}},"16":{"name":"(anonymous_16)","line":89,"loc":{"start":{"line":89,"column":24},"end":{"line":89,"column":45}}},"17":{"name":"(anonymous_17)","line":94,"loc":{"start":{"line":94,"column":47},"end":{"line":94,"column":70}}},"18":{"name":"(anonymous_18)","line":103,"loc":{"start":{"line":103,"column":14},"end":{"line":103,"column":43}}},"19":{"name":"(anonymous_19)","line":107,"loc":{"start":{"line":107,"column":19},"end":{"line":107,"column":33}}},"20":{"name":"(anonymous_20)","line":114,"loc":{"start":{"line":114,"column":23},"end":{"line":114,"column":37}}},"21":{"name":"(anonymous_21)","line":118,"loc":{"start":{"line":118,"column":23},"end":{"line":118,"column":37}}},"22":{"name":"(anonymous_22)","line":122,"loc":{"start":{"line":122,"column":23},"end":{"line":122,"column":34}}}},"statementMap":{"1":{"start":{"line":5,"column":0},"end":{"line":9,"column":27}},"2":{"start":{"line":11,"column":0},"end":{"line":128,"column":2}},"3":{"start":{"line":13,"column":8},"end":{"line":26,"column":11}},"4":{"start":{"line":14,"column":12},"end":{"line":14,"column":39}},"5":{"start":{"line":14,"column":23},"end":{"line":14,"column":37}},"6":{"start":{"line":16,"column":12},"end":{"line":16,"column":25}},"7":{"start":{"line":18,"column":12},"end":{"line":23,"column":13}},"8":{"start":{"line":19,"column":16},"end":{"line":19,"column":44}},"9":{"start":{"line":22,"column":16},"end":{"line":22,"column":30}},"10":{"start":{"line":25,"column":12},"end":{"line":25,"column":38}},"11":{"start":{"line":30,"column":8},"end":{"line":48,"column":11}},"12":{"start":{"line":33,"column":16},"end":{"line":37,"column":19}},"13":{"start":{"line":34,"column":20},"end":{"line":34,"column":39}},"14":{"start":{"line":36,"column":20},"end":{"line":36,"column":42}},"15":{"start":{"line":42,"column":16},"end":{"line":42,"column":56}},"16":{"start":{"line":45,"column":12},"end":{"line":45,"column":40}},"17":{"start":{"line":45,"column":23},"end":{"line":45,"column":38}},"18":{"start":{"line":47,"column":12},"end":{"line":47,"column":24}},"19":{"start":{"line":52,"column":8},"end":{"line":53,"column":43}},"20":{"start":{"line":55,"column":8},"end":{"line":61,"column":11}},"21":{"start":{"line":56,"column":12},"end":{"line":56,"column":74}},"22":{"start":{"line":58,"column":12},"end":{"line":58,"column":40}},"23":{"start":{"line":58,"column":23},"end":{"line":58,"column":38}},"24":{"start":{"line":60,"column":12},"end":{"line":60,"column":24}},"25":{"start":{"line":65,"column":8},"end":{"line":69,"column":15}},"26":{"start":{"line":66,"column":12},"end":{"line":68,"column":13}},"27":{"start":{"line":67,"column":16},"end":{"line":67,"column":72}},"28":{"start":{"line":73,"column":8},"end":{"line":77,"column":11}},"29":{"start":{"line":74,"column":12},"end":{"line":74,"column":45}},"30":{"start":{"line":74,"column":23},"end":{"line":74,"column":43}},"31":{"start":{"line":76,"column":12},"end":{"line":76,"column":73}},"32":{"start":{"line":89,"column":8},"end":{"line":100,"column":11}},"33":{"start":{"line":90,"column":12},"end":{"line":90,"column":40}},"34":{"start":{"line":90,"column":23},"end":{"line":90,"column":38}},"35":{"start":{"line":92,"column":12},"end":{"line":92,"column":25}},"36":{"start":{"line":94,"column":12},"end":{"line":99,"column":20}},"37":{"start":{"line":95,"column":16},"end":{"line":95,"column":55}},"38":{"start":{"line":97,"column":16},"end":{"line":97,"column":59}},"39":{"start":{"line":98,"column":16},"end":{"line":98,"column":64}},"40":{"start":{"line":104,"column":8},"end":{"line":112,"column":14}},"41":{"start":{"line":108,"column":16},"end":{"line":111,"column":17}},"42":{"start":{"line":109,"column":20},"end":{"line":109,"column":28}},"43":{"start":{"line":110,"column":20},"end":{"line":110,"column":36}},"44":{"start":{"line":114,"column":8},"end":{"line":116,"column":11}},"45":{"start":{"line":115,"column":12},"end":{"line":115,"column":22}},"46":{"start":{"line":118,"column":8},"end":{"line":120,"column":11}},"47":{"start":{"line":119,"column":12},"end":{"line":119,"column":22}},"48":{"start":{"line":122,"column":8},"end":{"line":124,"column":11}},"49":{"start":{"line":123,"column":12},"end":{"line":123,"column":19}},"50":{"start":{"line":126,"column":8},"end":{"line":126,"column":20}}},"branchMap":{"1":{"line":14,"type":"if","locations":[{"start":{"line":14,"column":12},"end":{"line":14,"column":12}},{"start":{"line":14,"column":12},"end":{"line":14,"column":12}}]},"2":{"line":34,"type":"binary-expr","locations":[{"start":{"line":34,"column":20},"end":{"line":34,"column":23}},{"start":{"line":34,"column":28},"end":{"line":34,"column":37}}]},"3":{"line":45,"type":"if","locations":[{"start":{"line":45,"column":12},"end":{"line":45,"column":12}},{"start":{"line":45,"column":12},"end":{"line":45,"column":12}}]},"4":{"line":58,"type":"if","locations":[{"start":{"line":58,"column":12},"end":{"line":58,"column":12}},{"start":{"line":58,"column":12},"end":{"line":58,"column":12}}]},"5":{"line":74,"type":"if","locations":[{"start":{"line":74,"column":12},"end":{"line":74,"column":12}},{"start":{"line":74,"column":12},"end":{"line":74,"column":12}}]},"6":{"line":90,"type":"if","locations":[{"start":{"line":90,"column":12},"end":{"line":90,"column":12}},{"start":{"line":90,"column":12},"end":{"line":90,"column":12}}]},"7":{"line":97,"type":"binary-expr","locations":[{"start":{"line":97,"column":16},"end":{"line":97,"column":19}},{"start":{"line":97,"column":24},"end":{"line":97,"column":35}},{"start":{"line":97,"column":40},"end":{"line":97,"column":56}}]},"8":{"line":98,"type":"binary-expr","locations":[{"start":{"line":98,"column":16},"end":{"line":98,"column":19}},{"start":{"line":98,"column":24},"end":{"line":98,"column":62}}]},"9":{"line":108,"type":"if","locations":[{"start":{"line":108,"column":16},"end":{"line":108,"column":16}},{"start":{"line":108,"column":16},"end":{"line":108,"column":16}}]}}},"/Users/monucarpenter/C++/codeforces/lib/config.js":{"path":"/Users/monucarpenter/C++/codeforces/lib/config.js","s":{"1":1,"2":1,"3":3,"4":1,"5":2,"6":2,"7":2,"8":2,"9":2,"10":2,"11":2,"12":2,"13":2,"14":2,"15":2,"16":2,"17":2},"b":{"1":[1,2],"2":[3,2],"3":[2,0,0],"4":[2,0,0]},"f":{"1":3,"2":2},"fnMap":{"1":{"name":"(anonymous_1)","line":14,"loc":{"start":{"line":14,"column":9},"end":{"line":14,"column":28}}},"2":{"name":"(anonymous_2)","line":20,"loc":{"start":{"line":20,"column":56},"end":{"line":20,"column":82}}}},"statementMap":{"1":{"start":{"line":5,"column":0},"end":{"line":11,"column":38}},"2":{"start":{"line":13,"column":0},"end":{"line":39,"column":2}},"3":{"start":{"line":16,"column":8},"end":{"line":18,"column":9}},"4":{"start":{"line":17,"column":12},"end":{"line":17,"column":106}},"5":{"start":{"line":20,"column":8},"end":{"line":37,"column":11}},"6":{"start":{"line":22,"column":12},"end":{"line":22,"column":50}},"7":{"start":{"line":24,"column":12},"end":{"line":25,"column":44}},"8":{"start":{"line":27,"column":12},"end":{"line":27,"column":52}},"9":{"start":{"line":28,"column":12},"end":{"line":28,"column":38}},"10":{"start":{"line":29,"column":12},"end":{"line":29,"column":84}},"11":{"start":{"line":30,"column":12},"end":{"line":30,"column":63}},"12":{"start":{"line":31,"column":12},"end":{"line":31,"column":82}},"13":{"start":{"line":32,"column":12},"end":{"line":32,"column":96}},"14":{"start":{"line":33,"column":12},"end":{"line":33,"column":69}},"15":{"start":{"line":34,"column":12},"end":{"line":34,"column":61}},"16":{"start":{"line":35,"column":12},"end":{"line":35,"column":64}},"17":{"start":{"line":36,"column":12},"end":{"line":36,"column":34}}},"branchMap":{"1":{"line":16,"type":"if","locations":[{"start":{"line":16,"column":8},"end":{"line":16,"column":8}},{"start":{"line":16,"column":8},"end":{"line":16,"column":8}}]},"2":{"line":16,"type":"binary-expr","locations":[{"start":{"line":16,"column":12},"end":{"line":16,"column":34}},{"start":{"line":16,"column":38},"end":{"line":16,"column":86}}]},"3":{"line":34,"type":"binary-expr","locations":[{"start":{"line":34,"column":25},"end":{"line":34,"column":32}},{"start":{"line":34,"column":37},"end":{"line":34,"column":50}},{"start":{"line":34,"column":54},"end":{"line":34,"column":59}}]},"4":{"line":35,"type":"binary-expr","locations":[{"start":{"line":35,"column":27},"end":{"line":35,"column":34}},{"start":{"line":35,"column":39},"end":{"line":35,"column":54}},{"start":{"line":35,"column":58},"end":{"line":35,"column":62}}]}}}}