TN:
SF:/Users/monucarpenter/C++/codeforces/lib/cfapi.js
FN:17,(anonymous_1)
FN:18,(anonymous_2)
FN:19,(anonymous_3)
FN:33,(anonymous_4)
FN:52,(anonymous_5)
FN:60,(anonymous_6)
FN:66,(anonymous_7)
FNF:7
FNH:7
FNDA:4,(anonymous_1)
FNDA:4,(anonymous_2)
FNDA:10,(anonymous_3)
FNDA:2,(anonymous_4)
FNDA:3,(anonymous_5)
FNDA:3,(anonymous_6)
FNDA:3,(anonymous_7)
DA:4,1
DA:9,1
DA:18,4
DA:19,4
DA:20,10
DA:34,2
DA:37,2
DA:42,2
DA:53,3
DA:55,3
DA:61,3
DA:62,1
DA:64,2
DA:67,3
DA:69,2
DA:70,1
DA:74,1
LF:17
LH:17
BRDA:20,1,0,10
BRDA:20,1,1,6
BRDA:61,2,0,1
BRDA:61,2,1,2
BRDA:67,3,0,1
BRDA:67,3,1,2
BRDA:69,4,0,1
BRDA:69,4,1,1
BRDA:69,5,0,2
BRDA:69,5,1,2
BRDA:69,5,2,1
BRF:11
BRH:11
end_of_record
TN:
SF:/Users/monucarpenter/C++/codeforces/lib/compiler.js
FN:13,(anonymous_1)
FN:28,(anonymous_2)
FN:32,(anonymous_3)
FN:37,(anonymous_4)
FN:62,(anonymous_5)
FN:67,(anonymous_6)
FN:71,(anonymous_7)
FN:79,(anonymous_8)
FN:83,(anonymous_9)
FN:88,(anonymous_10)
FN:93,(anonymous_11)
FN:94,(anonymous_12)
FNF:12
FNH:11
FNDA:5,(anonymous_1)
FNDA:5,(anonymous_2)
FNDA:5,(anonymous_3)
FNDA:9,(anonymous_4)
FNDA:0,(anonymous_5)
FNDA:9,(anonymous_6)
FNDA:9,(anonymous_7)
FNDA:5,(anonymous_8)
FNDA:1,(anonymous_9)
FNDA:1,(anonymous_10)
FNDA:1,(anonymous_11)
FNDA:6,(anonymous_12)
DA:5,1
DA:12,1
DA:14,5
DA:17,5
DA:18,2
DA:19,2
DA:22,5
DA:24,5
DA:28,5
DA:29,5
DA:32,5
DA:33,5
DA:38,9
DA:48,9
DA:62,9
DA:63,0
DA:64,0
DA:67,9
DA:68,9
DA:71,9
DA:72,9
DA:73,9
DA:75,9
DA:80,5
DA:84,1
DA:86,1
DA:89,1
DA:94,1
DA:95,6
LF:29
LH:27
BRDA:17,1,0,2
BRDA:17,1,1,3
BRDA:33,2,0,4
BRDA:33,2,1,1
BRDA:43,3,0,7
BRDA:43,3,1,2
BRDA:43,4,0,0
BRDA:43,4,1,7
BRDA:48,5,0,9
BRDA:48,5,1,2
BRDA:65,6,0,9
BRDA:65,6,1,9
BRDA:72,7,0,9
BRDA:72,7,1,0
BRDA:75,8,0,8
BRDA:75,8,1,1
BRDA:75,9,0,1
BRDA:75,9,1,0
BRDA:80,10,0,4
BRDA:80,10,1,1
BRF:20
BRH:17
end_of_record
TN:
SF:/Users/monucarpenter/C++/codeforces/lib/fsapi.js
FN:12,(anonymous_1)
FN:13,(anonymous_2)
FN:29,(anonymous_3)
FN:32,(anonymous_4)
FN:33,(anonymous_5)
FN:41,(anonymous_6)
FN:44,(anonymous_7)
FN:51,(anonymous_8)
FN:55,(anonymous_9)
FN:57,(anonymous_10)
FN:64,(anonymous_11)
FN:65,(anonymous_12)
FN:72,(anonymous_13)
FN:73,(anonymous_14)
FN:88,(anonymous_15)
FN:89,(anonymous_16)
FN:94,(anonymous_17)
FN:103,(anonymous_18)
FN:107,(anonymous_19)
FN:114,(anonymous_20)
FN:118,(anonymous_21)
FN:122,(anonymous_22)
FNF:22
FNH:2
FNDA:3,(anonymous_1)
FNDA:3,(anonymous_2)
FNDA:0,(anonymous_3)
FNDA:0,(anonymous_4)
FNDA:0,(anonymous_5)
FNDA:0,(anonymous_6)
FNDA:0,(anonymous_7)
FNDA:0,(anonymous_8)
FNDA:0,(anonymous_9)
FNDA:0,(anonymous_10)
FNDA:0,(anonymous_11)
FNDA:0,(anonymous_12)
FNDA:0,(anonymous_13)
FNDA:0,(anonymous_14)
FNDA:0,(anonymous_15)
FNDA:0,(anonymous_16)
FNDA:0,(anonymous_17)
FNDA:0,(anonymous_18)
FNDA:0,(anonymous_19)
FNDA:0,(anonymous_20)
FNDA:0,(anonymous_21)
FNDA:0,(anonymous_22)
DA:5,1
DA:11,1
DA:13,3
DA:14,3
DA:16,2
DA:18,2
DA:19,2
DA:22,0
DA:25,2
DA:30,0
DA:33,0
DA:34,0
DA:36,0
DA:42,0
DA:45,0
DA:47,0
DA:52,0
DA:55,0
DA:56,0
DA:58,0
DA:60,0
DA:65,0
DA:66,0
DA:67,0
DA:73,0
DA:74,0
DA:76,0
DA:89,0
DA:90,0
DA:92,0
DA:94,0
DA:95,0
DA:97,0
DA:98,0
DA:104,0
DA:108,0
DA:109,0
DA:110,0
DA:114,0
DA:115,0
DA:118,0
DA:119,0
DA:122,0
DA:123,0
DA:126,0
LF:45
LH:8
BRDA:14,1,0,1
BRDA:14,1,1,2
BRDA:34,2,0,0
BRDA:34,2,1,0
BRDA:45,3,0,0
BRDA:45,3,1,0
BRDA:58,4,0,0
BRDA:58,4,1,0
BRDA:74,5,0,0
BRDA:74,5,1,0
BRDA:90,6,0,0
BRDA:90,6,1,0
BRDA:97,7,0,0
BRDA:97,7,1,0
BRDA:97,7,2,0
BRDA:98,8,0,0
BRDA:98,8,1,0
BRDA:108,9,0,0
BRDA:108,9,1,0
BRF:19
BRH:2
end_of_record
TN:
SF:/Users/monucarpenter/C++/codeforces/lib/config.js
FN:14,(anonymous_1)
FN:20,(anonymous_2)
FNF:2
FNH:2
FNDA:3,(anonymous_1)
FNDA:2,(anonymous_2)
DA:5,1
DA:13,1
DA:16,3
DA:17,1
DA:20,2
DA:22,2
DA:24,2
DA:27,2
DA:28,2
DA:29,2
DA:30,2
DA:31,2
DA:32,2
DA:33,2
DA:34,2
DA:35,2
DA:36,2
LF:17
LH:17
BRDA:16,1,0,1
BRDA:16,1,1,2
BRDA:16,2,0,3
BRDA:16,2,1,2
BRDA:34,3,0,2
BRDA:34,3,1,0
BRDA:34,3,2,0
BRDA:35,4,0,2
BRDA:35,4,1,0
BRDA:35,4,2,0
BRF:10
BRH:6
end_of_record
